[debug] [2020-02-15T23:39:30.976Z] ----------------------------------------------------------------------
[debug] [2020-02-15T23:39:30.978Z] Command:       /Users/chan/.nvm/versions/node/v10.16.1/bin/node /Users/chan/.nvm/versions/node/v10.16.1/bin/firebase deploy
[debug] [2020-02-15T23:39:30.979Z] CLI Version:   7.12.1
[debug] [2020-02-15T23:39:30.979Z] Platform:      darwin
[debug] [2020-02-15T23:39:30.979Z] Node Version:  v10.16.1
[debug] [2020-02-15T23:39:30.980Z] Time:          Sat Feb 15 2020 18:39:30 GMT-0500 (Eastern Standard Time)
[debug] [2020-02-15T23:39:30.980Z] ----------------------------------------------------------------------
[debug] [2020-02-15T23:39:30.980Z] 
[debug] [2020-02-15T23:39:30.989Z] > command requires scopes: ["email","openid","https://www.googleapis.com/auth/cloudplatformprojects.readonly","https://www.googleapis.com/auth/firebase","https://www.googleapis.com/auth/cloud-platform"]
[debug] [2020-02-15T23:39:30.990Z] > authorizing via signed-in user
[debug] [2020-02-15T23:39:30.990Z] [iam] checking project social-4d5c4 for permissions ["cloudfunctions.functions.create","cloudfunctions.functions.delete","cloudfunctions.functions.get","cloudfunctions.functions.list","cloudfunctions.functions.update","cloudfunctions.operations.get","datastore.indexes.create","datastore.indexes.delete","datastore.indexes.list","datastore.indexes.update","firebase.projects.get","firebasehosting.sites.update","firebaserules.releases.create","firebaserules.releases.update","firebaserules.rulesets.create"]
[debug] [2020-02-15T23:39:30.992Z] >>> HTTP REQUEST POST https://cloudresourcemanager.googleapis.com/v1/projects/social-4d5c4:testIamPermissions  

[debug] [2020-02-15T23:39:31.132Z] [iam] error while checking permissions, command may fail: FirebaseError: Server Error. tunneling socket could not be established, statusCode=405
[debug] [2020-02-15T23:39:31.134Z] >>> HTTP REQUEST GET https://firebase.googleapis.com/v1beta1/projects/social-4d5c4  
 
[debug] [2020-02-15T23:39:31.299Z] Server Error. tunneling socket could not be established, statusCode=405
[debug] [2020-02-15T23:39:31.373Z] FirebaseError: Server Error. tunneling socket could not be established, statusCode=405
    at Request._callback (/Users/chan/.nvm/versions/node/v10.16.1/lib/node_modules/firebase-tools/lib/api.js:30:31)
    at self.callback (/Users/chan/.nvm/versions/node/v10.16.1/lib/node_modules/firebase-tools/node_modules/request/request.js:185:22)
    at Request.emit (events.js:198:13)
    at Request.EventEmitter.emit (domain.js:448:20)
    at Request.onRequestError (/Users/chan/.nvm/versions/node/v10.16.1/lib/node_modules/firebase-tools/node_modules/request/request.js:881:8)
    at ClientRequest.emit (events.js:198:13)
    at ClientRequest.EventEmitter.emit (domain.js:448:20)
    at ClientRequest.onConnect (/Users/chan/.nvm/versions/node/v10.16.1/lib/node_modules/firebase-tools/node_modules/tunnel-agent/index.js:168:23)
    at Object.onceWrapper (events.js:286:20)
    at ClientRequest.emit (events.js:198:13)
    at ClientRequest.EventEmitter.emit (domain.js:448:20)
    at TLSSocket.socketOnData (_http_client.js:475:11)
    at TLSSocket.emit (events.js:198:13)
    at TLSSocket.EventEmitter.emit (domain.js:448:20)
    at addChunk (_stream_readable.js:288:12)
    at readableAddChunk (_stream_readable.js:269:11)
[error] 
[error] Error: Failed to get Firebase project social-4d5c4. Please make sure the project exists and your account has permission to access it.
